[    0.000000] Linux version 4.15.0-212-generic (buildd@lcy02-amd64-083) (gcc version 7.5.0 (Ubuntu 7.5.0-3ubuntu1~18.04)) #223-Ubuntu SMP Tue May 23 13:09:22 UTC 2023 (Ubuntu 4.15.0-212.223-generic 4.15.18)
[    0.000000] Command line: BOOT_IMAGE=/boot/vmlinuz-4.15.0-212-generic root=LABEL=cloudimg-rootfs ro console=tty1 console=ttyS0
[    0.000000] KERNEL supported cpus:
[    0.000000]   Intel GenuineIntel
[    0.000000]   AMD AuthenticAMD
[    0.000000]   Centaur CentaurHauls
[    0.000000] x86/fpu: Supporting XSAVE feature 0x001: 'x87 floating point registers'
[    0.000000] x86/fpu: Supporting XSAVE feature 0x002: 'SSE registers'
[    0.000000] x86/fpu: Supporting XSAVE feature 0x004: 'AVX registers'
[    0.000000] x86/fpu: xstate_offset[2]:  576, xstate_sizes[2]:  256
[    0.000000] x86/fpu: Enabled xstate features 0x7, context size is 832 bytes, using 'standard' format.
[    0.000000] e820: BIOS-provided physical RAM map:
[    0.000000] BIOS-e820: [mem 0x0000000000000000-0x000000000009fbff] usable
[    0.000000] BIOS-e820: [mem 0x000000000009fc00-0x000000000009ffff] reserved
[    0.000000] BIOS-e820: [mem 0x00000000000f0000-0x00000000000fffff] reserved
[    0.000000] BIOS-e820: [mem 0x0000000000100000-0x000000003ffeffff] usable
[    0.000000] BIOS-e820: [mem 0x000000003fff0000-0x000000003fffffff] ACPI data
[    0.000000] BIOS-e820: [mem 0x00000000fec00000-0x00000000fec00fff] reserved
[    0.000000] BIOS-e820: [mem 0x00000000fee00000-0x00000000fee00fff] reserved
[    0.000000] BIOS-e820: [mem 0x00000000fffc0000-0x00000000ffffffff] reserved
[    0.000000] NX (Execute Disable) protection: active
[    0.000000] SMBIOS 2.5 present.
[    0.000000] DMI: innotek GmbH VirtualBox/VirtualBox, BIOS VirtualBox 12/01/2006
[    0.000000] Hypervisor detected: KVM
[    0.000000] e820: last_pfn = 0x3fff0 max_arch_pfn = 0x400000000
[    0.000000] x86/PAT: Configuration [0-7]: WB  WC  UC- UC  WB  WP  UC- WT  
[    0.000000] found SMP MP-table at [mem 0x0009fbf0-0x0009fbff]
[    0.000000] Scanning 1 areas for low memory corruption
[    0.000000] RAMDISK: [mem 0x359cb000-0x36cdcfff]
[    0.000000] ACPI: Early table checksum verification disabled
[    0.000000] ACPI: RSDP 0x00000000000E0000 000024 (v02 VBOX  )
[    0.000000] ACPI: XSDT 0x000000003FFF0030 00003C (v01 VBOX   VBOXXSDT 00000001 ASL  00000061)
[    0.000000] ACPI: FACP 0x000000003FFF00F0 0000F4 (v04 VBOX   VBOXFACP 00000001 ASL  00000061)
[    0.000000] ACPI: DSDT 0x000000003FFF0610 002353 (v02 VBOX   VBOXBIOS 00000002 INTL 20240927)
[    0.000000] ACPI: FACS 0x000000003FFF0200 000040
[    0.000000] ACPI: FACS 0x000000003FFF0200 000040
[    0.000000] ACPI: APIC 0x000000003FFF0240 00005C (v02 VBOX   VBOXAPIC 00000001 ASL  00000061)
[    0.000000] ACPI: SSDT 0x000000003FFF02A0 00036C (v01 VBOX   VBOXCPUT 00000002 INTL 20240927)
[    0.000000] ACPI: Reserving FACP table memory at [mem 0x3fff00f0-0x3fff01e3]
[    0.000000] ACPI: Reserving DSDT table memory at [mem 0x3fff0610-0x3fff2962]
[    0.000000] ACPI: Reserving FACS table memory at [mem 0x3fff0200-0x3fff023f]
[    0.000000] ACPI: Reserving FACS table memory at [mem 0x3fff0200-0x3fff023f]
[    0.000000] ACPI: Reserving APIC table memory at [mem 0x3fff0240-0x3fff029b]
[    0.000000] ACPI: Reserving SSDT table memory at [mem 0x3fff02a0-0x3fff060b]
[    0.000000] No NUMA configuration found
[    0.000000] Faking a node at [mem 0x0000000000000000-0x000000003ffeffff]
[    0.000000] NODE_DATA(0) allocated [mem 0x3ffc5000-0x3ffeffff]
[    0.000000] kvm-clock: cpu 0, msr 0:3ff44001, primary cpu clock
[    0.000000] kvm-clock: Using msrs 4b564d01 and 4b564d00
[    0.000000] kvm-clock: using sched offset of 2884193754 cycles
[    0.000000] clocksource: kvm-clock: mask: 0xffffffffffffffff max_cycles: 0x1cd42e4dffb, max_idle_ns: 881590591483 ns
[    0.000000] Zone ranges:
[    0.000000]   DMA      [mem 0x0000000000001000-0x0000000000ffffff]
[    0.000000]   DMA32    [mem 0x0000000001000000-0x000000003ffeffff]
[    0.000000]   Normal   empty
[    0.000000]   Device   empty
[    0.000000] Movable zone start for each node
[    0.000000] Early memory node ranges
[    0.000000]   node   0: [mem 0x0000000000001000-0x000000000009efff]
[    0.000000]   node   0: [mem 0x0000000000100000-0x000000003ffeffff]
[    0.000000] Reserved but unavailable: 104 pages
[    0.000000] Initmem setup node 0 [mem 0x0000000000001000-0x000000003ffeffff]
[    0.000000] ACPI: PM-Timer IO Port: 0x4008
[    0.000000] IOAPIC[0]: apic_id 2, version 32, address 0xfec00000, GSI 0-23
[    0.000000] ACPI: INT_SRC_OVR (bus 0 bus_irq 0 global_irq 2 dfl dfl)
[    0.000000] ACPI: INT_SRC_OVR (bus 0 bus_irq 9 global_irq 9 low level)
[    0.000000] Using ACPI (MADT) for SMP configuration information
[    0.000000] smpboot: Allowing 2 CPUs, 0 hotplug CPUs
[    0.000000] PM: Registered nosave memory: [mem 0x00000000-0x00000fff]
[    0.000000] PM: Registered nosave memory: [mem 0x0009f000-0x0009ffff]
[    0.000000] PM: Registered nosave memory: [mem 0x000a0000-0x000effff]
[    0.000000] PM: Registered nosave memory: [mem 0x000f0000-0x000fffff]
[    0.000000] e820: [mem 0x40000000-0xfebfffff] available for PCI devices
[    0.000000] Booting paravirtualized kernel on KVM
[    0.000000] clocksource: refined-jiffies: mask: 0xffffffff max_cycles: 0xffffffff, max_idle_ns: 7645519600211568 ns
[    0.000000] setup_percpu: NR_CPUS:8192 nr_cpumask_bits:2 nr_cpu_ids:2 nr_node_ids:1
[    0.000000] percpu: Embedded 50 pages/cpu s167936 r8192 d28672 u1048576
[    0.000000] PV qspinlock hash table entries: 256 (order: 0, 4096 bytes)
[    0.000000] Built 1 zonelists, mobility grouping on.  Total pages: 257913
[    0.000000] Policy zone: DMA32
[    0.000000] Kernel command line: BOOT_IMAGE=/boot/vmlinuz-4.15.0-212-generic root=LABEL=cloudimg-rootfs ro console=tty1 console=ttyS0
[    0.000000] Memory: 982644K/1048120K available (12300K kernel code, 2477K rwdata, 4324K rodata, 2480K init, 2720K bss, 65476K reserved, 0K cma-reserved)
[    0.000000] SLUB: HWalign=64, Order=0-3, MinObjects=0, CPUs=2, Nodes=1
[    0.000000] Kernel/User page tables isolation: enabled
[    0.000000] ftrace: allocating 39508 entries in 155 pages
[    0.004000] Hierarchical RCU implementation.
[    0.004000] 	RCU restricting CPUs from NR_CPUS=8192 to nr_cpu_ids=2.
[    0.004000] 	Tasks RCU enabled.
[    0.004000] RCU: Adjusting geometry for rcu_fanout_leaf=16, nr_cpu_ids=2
[    0.004000] NR_IRQS: 524544, nr_irqs: 440, preallocated irqs: 16
[    0.004000] random: crng init done
[    0.004000] Console: colour VGA+ 80x25
[    0.004000] console [tty1] enabled
[    0.004000] console [ttyS0] enabled
[    0.004000] ACPI: Core revision 20170831
[    0.004000] ACPI: 2 ACPI AML tables successfully acquired and loaded
[    0.004000] APIC: Switch to symmetric I/O mode setup
[    0.004000] x2apic enabled
[    0.004000] Switched APIC routing to physical x2apic.
[    0.004000] ..TIMER: vector=0x30 apic1=0 pin1=2 apic2=-1 pin2=-1
[    0.004000] tsc: Detected 2687.998 MHz processor
[    0.004000] Calibrating delay loop (skipped) preset value.. 5375.99 BogoMIPS (lpj=10751992)
[    0.004000] pid_max: default: 32768 minimum: 301
[    0.004000] Security Framework initialized
[    0.004000] Yama: becoming mindful.
[    0.004000] AppArmor: AppArmor initialized
[    0.004000] Dentry cache hash table entries: 131072 (order: 8, 1048576 bytes)
[    0.004000] Inode-cache hash table entries: 65536 (order: 7, 524288 bytes)
[    0.004000] Mount-cache hash table entries: 2048 (order: 2, 16384 bytes)
[    0.004000] Mountpoint-cache hash table entries: 2048 (order: 2, 16384 bytes)
[    0.004000] Last level iTLB entries: 4KB 0, 2MB 0, 4MB 0
[    0.004000] Last level dTLB entries: 4KB 0, 2MB 0, 4MB 0, 1GB 0
[    0.004000] Spectre V1 : Mitigation: usercopy/swapgs barriers and __user pointer sanitization
[    0.004000] Spectre V2 : Mitigation: Retpolines
[    0.004000] Spectre V2 : Spectre v2 / SpectreRSB mitigation: Filling RSB on context switch
[    0.004000] Spectre V2 : Spectre v2 / SpectreRSB : Filling RSB on VMEXIT
[    0.004000] Speculative Store Bypass: Vulnerable
[    0.004000] MDS: Mitigation: Clear CPU buffers
[    0.004000] Freeing SMP alternatives memory: 36K
[    0.125000] APIC calibration not consistent with PM-Timer: 101ms instead of 100ms
[    0.125952] APIC delta adjusted to PM-Timer: 6313445 (6387329)
[    0.126588] smpboot: CPU0: 12th Gen Intel(R) Core(TM) i7-12700H (family: 0x6, model: 0x9a, stepping: 0x3)
[    0.127568] Performance Events: unsupported p6 CPU model 154 no PMU driver, software events only.
[    0.128000] Hierarchical SRCU implementation.
[    0.128000] NMI watchdog: Perf event create on CPU 0 failed with -2
[    0.128000] NMI watchdog: Perf NMI watchdog permanently disabled
[    0.128000] smp: Bringing up secondary CPUs ...
[    0.128059] x86: Booting SMP configuration:
[    0.128472] .... node  #0, CPUs:      #1
[    0.004000] kvm-clock: cpu 1, msr 0:3ff44041, secondary cpu clock
[    0.131524] smp: Brought up 1 node, 2 CPUs
[    0.132002] smpboot: Max logical packages: 1
[    0.132421] smpboot: Total of 2 processors activated (10751.99 BogoMIPS)
[    0.133343] devtmpfs: initialized
[    0.133343] x86/mm: Memory block size: 128MB
[    0.133343] evm: security.selinux
[    0.133343] evm: security.SMACK64
[    0.133589] evm: security.SMACK64EXEC
[    0.133957] evm: security.SMACK64TRANSMUTE
[    0.134366] evm: security.SMACK64MMAP
[    0.136001] evm: security.apparmor
[    0.136349] evm: security.ima
[    0.136681] evm: security.capability
[    0.137057] clocksource: jiffies: mask: 0xffffffff max_cycles: 0xffffffff, max_idle_ns: 7645041785100000 ns
[    0.137057] futex hash table entries: 512 (order: 3, 32768 bytes)
[    0.137552] pinctrl core: initialized pinctrl subsystem
[    0.138477] RTC time: 18:16:35, date: 05/07/25
[    0.140131] NET: Registered protocol family 16
[    0.140715] audit: initializing netlink subsys (disabled)
[    0.141265] audit: type=2000 audit(1746641799.720:1): state=initialized audit_enabled=0 res=1
[    0.141265] cpuidle: using governor ladder
[    0.141265] cpuidle: using governor menu
[    0.141265] ACPI: bus type PCI registered
[    0.141290] acpiphp: ACPI Hot Plug PCI Controller Driver version: 0.5
[    0.144059] PCI: Using configuration type 1 for base access
[    0.144623] HugeTLB registered 2.00 MiB page size, pre-allocated 0 pages
[    0.144707] ACPI: Added _OSI(Module Device)
[    0.144707] ACPI: Added _OSI(Processor Device)
[    0.144968] ACPI: Added _OSI(3.0 _SCP Extensions)
[    0.148003] ACPI: Added _OSI(Processor Aggregator Device)
[    0.148550] ACPI: Added _OSI(Linux-Dell-Video)
[    0.149022] ACPI: Added _OSI(Linux-Lenovo-NV-HDMI-Audio)
[    0.149526] ACPI: Added _OSI(Linux-HPI-Hybrid-Graphics)
[    0.150210] ACPI: Executed 1 blocks of module-level executable AML code
[    0.153492] ACPI: Interpreter enabled
[    0.153911] ACPI: (supports S0 S5)
[    0.154258] ACPI: Using IOAPIC for interrupt routing
[    0.154879] PCI: Using host bridge windows from ACPI; if necessary, use "pci=nocrs" and report a bug
[    0.155865] ACPI: Enabled 2 GPEs in block 00 to 07
[    0.158823] ACPI: PCI Root Bridge [PCI0] (domain 0000 [bus 00-ff])
[    0.159452] acpi PNP0A03:00: _OSC: OS supports [ASPM ClockPM Segments MSI]
[    0.160238] acpi PNP0A03:00: _OSC: not requesting OS control; OS requires [ExtendedConfig ASPM ClockPM MSI]
[    0.161165] acpi PNP0A03:00: fail to add MMCONFIG information, can't access extended PCI configuration space under this bridge.
[    0.162421] PCI host bridge to bus 0000:00
[    0.163008] pci_bus 0000:00: root bus resource [io  0x0000-0x0cf7 window]
[    0.163674] pci_bus 0000:00: root bus resource [io  0x0d00-0xffff window]
[    0.164001] pci_bus 0000:00: root bus resource [mem 0x000a0000-0x000bffff window]
[    0.164732] pci_bus 0000:00: root bus resource [mem 0x40000000-0xfdffffff window]
[    0.165953] pci_bus 0000:00: root bus resource [bus 00-ff]
[    0.167466] pci 0000:00:01.1: legacy IDE quirk: reg 0x10: [io  0x01f0-0x01f7]
[    0.168001] pci 0000:00:01.1: legacy IDE quirk: reg 0x14: [io  0x03f6]
[    0.168608] pci 0000:00:01.1: legacy IDE quirk: reg 0x18: [io  0x0170-0x0177]
[    0.169276] pci 0000:00:01.1: legacy IDE quirk: reg 0x1c: [io  0x0376]
[    0.178152] pci 0000:00:07.0: quirk: [io  0x4000-0x403f] claimed by PIIX4 ACPI
[    0.179111] pci 0000:00:07.0: quirk: [io  0x4100-0x410f] claimed by PIIX4 SMB
[    0.184057] ACPI: PCI Interrupt Link [LNKA] (IRQs 5 9 10 *11)
[    0.184919] ACPI: PCI Interrupt Link [LNKB] (IRQs 5 9 *10 11)
[    0.185659] ACPI: PCI Interrupt Link [LNKC] (IRQs 5 *9 10 11)
[    0.186403] ACPI: PCI Interrupt Link [LNKD] (IRQs 5 9 10 *11)
[    0.187347] SCSI subsystem initialized
[    0.187866] pci 0000:00:02.0: vgaarb: setting as boot VGA device
[    0.187866] pci 0000:00:02.0: vgaarb: VGA device added: decodes=io+mem,owns=io+mem,locks=none
[    0.188009] pci 0000:00:02.0: vgaarb: bridge control possible
[    0.188684] vgaarb: loaded
[    0.189055] ACPI: bus type USB registered
[    0.189572] usbcore: registered new interface driver usbfs
[    0.190222] usbcore: registered new interface driver hub
[    0.192005] usbcore: registered new device driver usb
[    0.192543] EDAC MC: Ver: 3.0.0
[    0.192543] PCI: Using ACPI for IRQ routing
[    0.192644] NetLabel: Initializing
[    0.193030] NetLabel:  domain hash size = 128
[    0.193613] NetLabel:  protocols = UNLABELED CIPSOv4 CALIPSO
[    0.196019] NetLabel:  unlabeled traffic allowed by default
[    0.196563] clocksource: Switched to clocksource kvm-clock
[    0.202470] VFS: Disk quotas dquot_6.6.0
[    0.202911] VFS: Dquot-cache hash table entries: 512 (order 0, 4096 bytes)
[    0.203631] AppArmor: AppArmor Filesystem Enabled
[    0.204115] pnp: PnP ACPI init
[    0.204930] pnp: PnP ACPI: found 3 devices
[    0.211345] clocksource: acpi_pm: mask: 0xffffff max_cycles: 0xffffff, max_idle_ns: 2085701024 ns
[    0.212281] NET: Registered protocol family 2
[    0.212775] IP idents hash table entries: 16384 (order: 5, 131072 bytes)
[    0.213896] TCP established hash table entries: 8192 (order: 4, 65536 bytes)
[    0.214668] TCP bind hash table entries: 8192 (order: 5, 131072 bytes)
[    0.215297] TCP: Hash tables configured (established 8192 bind 8192)
[    0.215902] UDP hash table entries: 512 (order: 2, 16384 bytes)
[    0.216513] UDP-Lite hash table entries: 512 (order: 2, 16384 bytes)
[    0.217227] NET: Registered protocol family 1
[    0.217672] pci 0000:00:00.0: Limiting direct PCI/PCI transfers
[    0.218287] pci 0000:00:01.0: Activating ISA DMA hang workarounds
[    0.218892] pci 0000:00:02.0: Video device with shadowed ROM at [mem 0x000c0000-0x000dffff]
[    0.219753] Unpacking initramfs...
[    0.416222] Freeing initrd memory: 19528K
[    0.416732] clocksource: tsc: mask: 0xffffffffffffffff max_cycles: 0x26bef4a354e, max_idle_ns: 440795213564 ns
[    0.417740] platform rtc_cmos: registered platform RTC device (no PNP device found)
[    0.418515] Scanning for low memory corruption every 60 seconds
[    0.419455] Initialise system trusted keyrings
[    0.419944] Key type blacklist registered
[    0.420445] workingset: timestamp_bits=36 max_order=18 bucket_order=0
[    0.421496] zbud: loaded
[    0.422122] squashfs: version 4.0 (2009/01/31) Phillip Lougher
[    0.422828] fuse init (API version 7.26)
[    0.424318] Key type asymmetric registered
[    0.424836] Asymmetric key parser 'x509' registered
[    0.425442] Block layer SCSI generic (bsg) driver version 0.4 loaded (major 246)
[    0.426388] io scheduler noop registered
[    0.426890] io scheduler deadline registered
[    0.427451] io scheduler cfq registered (default)
[    0.428220] ACPI: AC Adapter [AC] (on-line)
[    0.428796] input: Power Button as /devices/LNXSYSTM:00/LNXPWRBN:00/input/input0
[    0.429748] ACPI: Power Button [PWRF]
[    0.430256] input: Sleep Button as /devices/LNXSYSTM:00/LNXSLPBN:00/input/input1
[    0.431173] ACPI: Sleep Button [SLPF]
[    0.432189] ACPI: Battery Slot [BAT0] (battery present)
[    0.432962] Serial: 8250/16550 driver, 32 ports, IRQ sharing enabled
[    0.454219] 00:02: ttyS0 at I/O 0x3f8 (irq = 4, base_baud = 115200) is a 16550A
[    0.456363] Linux agpgart interface v0.103
[    0.457945] loop: module loaded
[    0.458757] scsi host0: ata_piix
[    0.459189] scsi host1: ata_piix
[    0.459544] ata1: PATA max UDMA/33 cmd 0x1f0 ctl 0x3f6 bmdma 0xd000 irq 14
[    0.460254] ata2: PATA max UDMA/33 cmd 0x170 ctl 0x376 bmdma 0xd008 irq 15
[    0.460964] tun: Universal TUN/TAP device driver, 1.6
[    0.461526] PPP generic driver version 2.4.2
[    0.462146] ehci_hcd: USB 2.0 'Enhanced' Host Controller (EHCI) Driver
[    0.462761] ehci-pci: EHCI PCI platform driver
[    0.463213] ehci-platform: EHCI generic platform driver
[    0.463737] ohci_hcd: USB 1.1 'Open' Host Controller (OHCI) Driver
[    0.464380] ohci-pci: OHCI PCI platform driver
[    0.464852] ohci-platform: OHCI generic platform driver
[    0.465381] uhci_hcd: USB Universal Host Controller Interface driver
[    0.466000] i8042: PNP: PS/2 Controller [PNP0303:PS2K,PNP0f03:PS2M] at 0x60,0x64 irq 1,12
[    0.467170] serio: i8042 KBD port at 0x60,0x64 irq 1
[    0.467663] serio: i8042 AUX port at 0x60,0x64 irq 12
[    0.468271] mousedev: PS/2 mouse device common for all mice
[    0.469135] input: AT Translated Set 2 keyboard as /devices/platform/i8042/serio0/input/input2
[    0.470137] rtc_cmos rtc_cmos: rtc core: registered rtc_cmos as rtc0
[    0.470787] rtc_cmos rtc_cmos: alarms up to one day, 114 bytes nvram
[    0.471399] i2c /dev entries driver
[    0.471795] device-mapper: uevent: version 1.0.3
[    0.472318] device-mapper: ioctl: 4.37.0-ioctl (2017-09-20) initialised: dm-devel@redhat.com
[    0.473141] ledtrig-cpu: registered to indicate activity on CPUs
[    0.473898] NET: Registered protocol family 10
[    0.476903] Segment Routing with IPv6
[    0.477394] NET: Registered protocol family 17
[    0.477891] Key type dns_resolver registered
[    0.478610] mce: Using 0 MCE banks
[    0.478967] RAS: Correctable Errors collector initialized.
[    0.479517] sched_clock: Marking stable (478596933, 0)->(569123424, -90526491)
[    0.480617] registered taskstats version 1
[    0.481070] Loading compiled-in X.509 certificates
[    0.483285] Loaded X.509 cert 'Build time autogenerated kernel key: b5b26778eaa3ab3a4a6cee031137706e947d12ad'
[    0.484533] Loaded X.509 cert 'Canonical Ltd. Live Patch Signing: 14df34d1a87cf37625abec039ef2bf521249b969'
[    0.485762] Loaded X.509 cert 'Canonical Ltd. Kernel Module Signing: 88f752e560a1e0737e31163a466ad7b70a850c19'
[    0.486695] blacklist: Loading compiled-in revocation X.509 certificates
[    0.487327] Loaded X.509 cert 'Canonical Ltd. Secure Boot Signing: 61482aa2830d0ab2ad5af10b7250da9033ddcef0'
[    0.488276] Loaded X.509 cert 'Canonical Ltd. Secure Boot Signing (2017): 242ade75ac4a15e50d50c84b0d45ff3eae707a03'
[    0.489251] Loaded X.509 cert 'Canonical Ltd. Secure Boot Signing (ESM 2018): 365188c1d374d6b07c3c8f240f8ef722433d6a8b'
[    0.490266] Loaded X.509 cert 'Canonical Ltd. Secure Boot Signing (2019): c0746fd6c5da3ae827864651ad66ae47fe24b3e8'
[    0.491262] Loaded X.509 cert 'Canonical Ltd. Secure Boot Signing (2021 v1): a8d54bbb3825cfb94fa13c9f8a594a195c107b8d'
[    0.492287] Loaded X.509 cert 'Canonical Ltd. Secure Boot Signing (2021 v2): 4cf046892d6fd3c9a5b03f98d845f90851dc6a8c'
[    0.493349] Loaded X.509 cert 'Canonical Ltd. Secure Boot Signing (2021 v3): 100437bb6de6e469b581e61cd66bce3ef4ed53af'
[    0.494413] Loaded X.509 cert 'Canonical Ltd. Secure Boot Signing (Ubuntu Core 2019): c1d57b8f6b743f23ee41f4f7ee292f06eecadfb9'
[    0.495629] zswap: loaded using pool lzo/zbud
[    0.498367] Key type big_key registered
[    0.498813] Key type trusted registered
[    0.500171] Key type encrypted registered
[    0.500619] AppArmor: AppArmor sha1 policy hashing enabled
[    0.501200] ima: No TPM chip found, activating TPM-bypass! (rc=-19)
[    0.501833] ima: Allocated hash algorithm: sha1
[    0.502320] evm: HMAC attrs: 0x1
[    0.502823]   Magic number: 9:149:291
[    0.503263] tty tty24: hash matches
[    0.503693] rtc_cmos rtc_cmos: setting system clock to 2025-05-07 18:16:35 UTC (1746641795)
[    0.504882] BIOS EDD facility v0.16 2004-Jun-25, 0 devices found
[    0.505640] EDD information not available.
[    0.645068] Freeing unused kernel image memory: 2480K
[    1.003976] Write protecting the kernel read-only data: 20480k
[    1.007836] Freeing unused kernel image memory: 2008K
[    1.010478] Freeing unused kernel image memory: 1820K
[    1.014241] x86/mm: Checked W+X mappings: passed, no W+X pages found.
[    1.015030] x86/mm: Checking user space page tables
[    1.018585] x86/mm: Checked W+X mappings: passed, no W+X pages found.
Loading, please wait...
starting version 237
[    1.048418] e1000: Intel(R) PRO/1000 Network Driver - version 7.3.21-k8-NAPI
[    1.049401] e1000: Copyright (c) 1999-2006 Intel Corporation.
[    1.055866] Fusion MPT base driver 3.04.20
[    1.056480] Copyright (c) 1999-2008 LSI Corporation
[    1.059350] Fusion MPT SPI Host driver 3.04.20
[    1.068449] AVX2 version of gcm_enc/dec engaged.
[    1.069162] AES CTR mode by8 optimization enabled
[    1.300528] input: ImExPS/2 Generic Explorer Mouse as /devices/platform/i8042/serio1/input/input4
[    1.391657] e1000 0000:00:03.0 eth0: (PCI:33MHz:32-bit) 02:3b:7b:b7:3b:2d
[    1.392587] e1000 0000:00:03.0 eth0: Intel(R) PRO/1000 Network Connection
[    1.393836] mptbase: ioc0: Initiating bringup
[    2.016263] ioc0: LSI53C1030 A0: Capabilities={Initiator}
[    3.942721] scsi host2: ioc0: LSI53C1030 A0, FwRev=00000000h, Ports=1, MaxQ=256, IRQ=20
[    5.439754] scsi 2:0:0:0: Direct-Access     VBOX     HARDDISK         1.0  PQ: 0 ANSI: 5
[    5.484309] scsi target2:0:0: Beginning Domain Validation
[    5.488275] scsi target2:0:0: Domain Validation skipping write tests
[    5.489775] scsi target2:0:0: Ending Domain Validation
[    5.490865] scsi target2:0:0: asynchronous
[    5.491799] scsi 2:0:1:0: Direct-Access     VBOX     HARDDISK         1.0  PQ: 0 ANSI: 5
[    5.761323] scsi target2:0:1: Beginning Domain Validation
[    5.762371] scsi target2:0:1: Domain Validation skipping write tests
[    5.763074] scsi target2:0:1: Ending Domain Validation
[    5.763711] scsi target2:0:1: asynchronous
[    5.765888] sd 2:0:0:0: Attached scsi generic sg0 type 0
[    5.766613] sd 2:0:0:0: [sda] 83886080 512-byte logical blocks: (42.9 GB/40.0 GiB)
[    5.767505] sd 2:0:1:0: Attached scsi generic sg1 type 0
[    5.767511] sd 2:0:0:0: [sda] Write Protect is off
[    5.768747] sd 2:0:0:0: [sda] Incomplete mode parameter data
[    5.769386] sd 2:0:0:0: [sda] Assuming drive cache: write through
[    5.770074] sd 2:0:1:0: [sdb] 20480 512-byte logical blocks: (10.5 MB/10.0 MiB)
[    5.770939] sd 2:0:1:0: [sdb] Write Protect is off
[    5.771610] sd 2:0:1:0: [sdb] Incomplete mode parameter data
[    5.772308] sd 2:0:1:0: [sdb] Assuming drive cache: write through
[    5.773369]  sda: sda1
[    5.774082] sd 2:0:0:0: [sda] Attached SCSI disk
[    5.775454] sd 2:0:1:0: [sdb] Attached SCSI disk
[    5.788955] e1000 0000:00:08.0 eth1: (PCI:33MHz:32-bit) 08:00:27:8a:9f:82
[    5.790547] e1000 0000:00:08.0 eth1: Intel(R) PRO/1000 Network Connection
[    5.792183] e1000 0000:00:03.0 enp0s3: renamed from eth0
[    5.804344] e1000 0000:00:08.0 enp0s8: renamed from eth1
Begin: Loading essential drivers ... [    7.152136] raid6: sse2x1   gen() 23332 MB/s
[    7.200207] raid6: sse2x1   xor() 14754 MB/s
[    7.248117] raid6: sse2x2   gen() 28470 MB/s
[    7.296217] raid6: sse2x2   xor() 16749 MB/s
[    7.344225] raid6: sse2x4   gen() 30225 MB/s
[    7.392226] raid6: sse2x4   xor() 13673 MB/s
[    7.440216] raid6: avx2x1   gen() 38906 MB/s
[    7.488162] raid6: avx2x1   xor() 28899 MB/s
[    7.536216] raid6: avx2x2   gen() 42235 MB/s
[    7.584124] raid6: avx2x2   xor() 32953 MB/s
[    7.632117] raid6: avx2x4   gen() 43121 MB/s
[    7.680245] raid6: avx2x4   xor() 15157 MB/s
[    7.680770] raid6: using algorithm avx2x4 gen() 43121 MB/s
[    7.681394] raid6: .... xor() 15157 MB/s, rmw enabled
[    7.681943] raid6: using avx2x2 recovery algorithm
[    7.683419] xor: automatically using best checksumming function   avx       
[    7.684894] async_tx: api initialized (async)
done.
Begin: Running /scripts/init-premount ... done.
Begin: Mounting root file system ... Begin: Running /scripts/local-top ... done.
Begin: Running /scripts/local-premount ... [    7.711913] Btrfs loaded, crc32c=crc32c-intel
Scanning for Btrfs filesystems
done.
Warning: fsck not present, so skipping root file system
[    7.725950] EXT4-fs (sda1): mounted filesystem with ordered data mode. Opts: (null)
done.
Begin: Running /scripts/local-bottom ... done.
Begin: Running /scripts/init-bottom ... done.
[    7.907136] ip_tables: (C) 2000-2006 Netfilter Core Team
[    7.912240] systemd[1]: systemd 237 running in system mode. (+PAM +AUDIT +SELINUX +IMA +APPARMOR +SMACK +SYSVINIT +UTMP +LIBCRYPTSETUP +GCRYPT +GNUTLS +ACL +XZ +LZ4 +SECCOMP +BLKID +ELFUTILS +KMOD -IDN2 +IDN -PCRE2 default-hierarchy=hybrid)
[    7.914277] systemd[1]: Detected virtualization oracle.
[    7.914778] systemd[1]: Detected architecture x86-64.

Welcome to [1mUbuntu 18.04.6 LTS[0m!

[    7.940896] systemd[1]: Set hostname to <ubuntu>.
[    7.942885] systemd[1]: Initializing machine ID from random generator.
[    7.943665] systemd[1]: Installed transient /etc/machine-id file.
[    8.250490] systemd[1]: Created slice User and Session Slice.
[[0;32m  OK  [0m] Created slice User and Session Slice.
[    8.251671] systemd[1]: Set up automount Arbitrary Executable File Formats File System Automount Point.
[[0;32m  OK  [0m] Set up automount Arbitrary Executab…rmats File System Automount Point.
[    8.253497] systemd[1]: Created slice System Slice.
[[0;32m  OK  [0m] Created slice System Slice.
[    8.254437] systemd[1]: Listening on LVM2 metadata daemon socket.
[[0;32m  OK  [0m] Listening on LVM2 metadata daemon socket.
[[0;32m  OK  [0m] Listening on udev Kernel Socket.
[[0;32m  OK  [0m] Listening on Journal Socket (/dev/log).
[[0;32m  OK  [0m] Created slice system-serial\x2dgetty.slice.
[[0;32m  OK  [0m] Reached target System Time Synchronized.
[[0;32m  OK  [0m] Listening on Network Service Netlink Socket.
[[0;32m  OK  [0m] Listening on /dev/initctl Compatibility Named Pipe.
[[0;32m  OK  [0m] Listening on Journal Socket.
         Mounting POSIX Message Queue File System...
         Mounting Kernel Debug File System...
         Starting Create list of required st…ce nodes for the current kernel...
         Starting Load Kernel Modules...
[[0;32m  OK  [0m] Listening on udev Control Socket.
[[0;32m  OK  [0m] Listening on LVM2 poll daemon socket.
[[0;32m  OK  [0m] Listening on Device-mapper event daemon FIFOs.
         Starting Monitoring of LVM2 mirrors…ng dmeventd or progress polling...
[[0;32m  OK  [0m] Reached target Slices.
         Starting Set the console keyboard layout...
[[0;32m  OK  [0m] Listening on Syslog Socket.
[[0;32m  OK  [0m] Listening on Journal Audit Socket.
         Starting Journal Service...
[[0;32m  OK  [0m] Started Forward Password Requests to Wall Directory Watch.
[[0;32m  OK  [0m] Listening on fsck to fsckd communication Socket.
[[0;32m  OK  [0m] Reached target User and Group Name Lookups.
[[0;32m  OK  [0m] Reached target Mounting snaps.
[[0;32m  OK  [0m] Reached target Mounted snaps.
         Starting File System Check on Root Device...
         Starting Uncomplicated firewall...
[[0;32m  OK  [0m] Reached target Swap.
         Mounting Huge Pages File System...
         Starting udev Coldplug all Devices...
[[0;32m  OK  [0m] Mounted POSIX Message Queue File System.
[[0;32m  OK  [0m] Mounted Kernel Debug File System.
[[0;32m  OK  [0m] Started Create list of required sta…vice nodes for the current kernel.
         Starting Create Static Device Nodes in /dev...
[[0;32m  OK  [0m] Mounted Huge Pages File System.
[    8.290045] Loading iSCSI transport class v2.0-870.
[    8.293822] iscsi: registered transport (tcp)
[[0;32m  OK  [0m] Started LVM2 metadata daemon.
[[0;32m  OK  [0m] Started File System Check Daemon to report status.
[[0;32m  OK  [0m] Started Uncomplicated firewall.
[[0;32m  OK  [0m] Started Journal Service.
[[0;32m  OK  [0m] Started Create Static Device Nodes in /dev.
[    8.381588] iscsi: registered transport (iser)
[[0;32m  OK  [0m] Started Load Kernel Modules.
         Mounting Kernel Configuration File System...
         Mounting FUSE Control File System...
         Starting Apply Kernel Variables...
[[0;32m  OK  [0m] Started File System Check on Root Device.
[[0;32m  OK  [0m] Started udev Coldplug all Devices.
[[0;32m  OK  [0m] Mounted Kernel Configuration File System.
[[0;32m  OK  [0m] Mounted FUSE Control File System.
         Starting Remount Root and Kernel File Systems...
[[0;32m  OK  [0m] Started Monitoring of LVM2 mirrors,…sing dmeventd or progress polling.
[[0;32m  OK  [0m] Started Remount Root and Kernel File Systems.
         Starting udev Kernel Device Manager...
         Starting Flush Journal to Persistent Storage...
         Starting Load/Save Random Seed...
[[0;32m  OK  [0m] Started Apply Kernel Variables.
[[0;32m  OK  [0m] Started udev Kernel Device Manager.
[[0;32m  OK  [0m] Started Load/Save Random Seed.
[[0;32m  OK  [0m] Started Flush Journal to Persistent Storage.
[[0;32m  OK  [0m] Found device /dev/ttyS0.
         Mounting Arbitrary Executable File Formats File System...
[[0;32m  OK  [0m] Listening on Load/Save RF Kill Switch Status /dev/rfkill Watch.
[[0;32m  OK  [0m] Mounted Arbitrary Executable File Formats File System.
[[0;32m  OK  [0m] Started Set the console keyboard layout.
[[0;32m  OK  [0m] Started Dispatch Password Requests to Console Directory Watch.
[[0;32m  OK  [0m] Reached target Local Encrypted Volumes.
[[0;32m  OK  [0m] Reached target Local File Systems (Pre).
[[0;32m  OK  [0m] Reached target Local File Systems.
         Starting Set console font and keymap...
         Starting AppArmor initialization...
         Starting Commit a transient machine-id on disk...
         Starting Tell Plymouth To Write Out Runtime Data...
         Starting Create Volatile Files and Directories...
         Starting ebtables ruleset management...
[[0;32m  OK  [0m] Started Tell Plymouth To Write Out Runtime Data.
[[0;32m  OK  [0m] Started Create Volatile Files and Directories.
         Starting Update UTMP about System Boot/Shutdown...
[[0;32m  OK  [0m] Started Update UTMP about System Boot/Shutdown.
[[0;32m  OK  [0m] Started Commit a transient machine-id on disk.
[[0;32m  OK  [0m] Started ebtables ruleset management.
[[0;32m  OK  [0m] Started AppArmor initialization.
         Starting Load AppArmor profiles managed internally by snapd...
         Starting Initial cloud-init job (pre-networking)...
[[0;32m  OK  [0m] Started Load AppArmor profiles managed internally by snapd.
[[0;32m  OK  [0m] Started Set console font and keymap.
[   10.625849] cloud-init[726]: Cloud-init v. 23.1.2-0ubuntu0~18.04.1 running 'init-local' at Wed, 07 May 2025 18:16:45 +0000. Up 10.43 seconds.
[[0;32m  OK  [0m] Started Initial cloud-init job (pre-networking).
[[0;32m  OK  [0m] Reached target Network (Pre).
         Starting Network Service...
[[0;32m  OK  [0m] Started Network Service.
         Starting Wait for Network to be Configured...
         Starting Network Name Resolution...
[[0;32m  OK  [0m] Started Network Name Resolution.
[[0;32m  OK  [0m] Reached target Host and Network Name Lookups.
[[0;32m  OK  [0m] Reached target Network.
[[0;32m  OK  [0m] Started Wait for Network to be Configured.
         Starting Initial cloud-init job (metadata service crawler)...
[   12.749827] cloud-init[1024]: Cloud-init v. 23.1.2-0ubuntu0~18.04.1 running 'init' at Wed, 07 May 2025 18:16:47 +0000. Up 12.68 seconds.
[   12.750900] cloud-init[1024]: ci-info: ++++++++++++++++++++++++++++++++++++++++++++Net device info++++++++++++++++++++++++++++++++++++++++++++
[   12.752048] cloud-init[1024]: ci-info: +--------+-------+---------------------------------------+---------------+--------+-------------------+
[   12.753098] cloud-init[1024]: ci-info: | Device |   Up  |                Address                |      Mask     | Scope  |     Hw-Address    |
[   12.754473] cloud-init[1024]: ci-info: +--------+-------+---------------------------------------+---------------+--------+-------------------+
[   12.755315] cloud-init[1024]: ci-info: | enp0s3 |  True |               10.0.2.15               | 255.255.255.0 | global | 02:3b:7b:b7:3b:2d |
[   12.756199] cloud-init[1024]: ci-info: | enp0s3 |  True | fd17:625c:f037:2:3b:7bff:feb7:3b2d/64 |       .       | global | 02:3b:7b:b7:3b:2d |
[   12.757063] cloud-init[1024]: ci-info: | enp0s3 |  True |       fe80::3b:7bff:feb7:3b2d/64      |       .       |  link  | 02:3b:7b:b7:3b:2d |
[   12.757920] cloud-init[1024]: ci-info: | enp0s8 | False |                   .                   |       .       |   .    | 08:00:27:8a:9f:82 |
[   12.758798] cloud-init[1024]: ci-info: |   lo   |  True |               127.0.0.1               |   255.0.0.0   |  host  |         .         |
[   12.759646] cloud-init[1024]: ci-info: |   lo   |  True |                ::1/128                |       .       |  host  |         .         |
[   12.760511] cloud-init[1024]: ci-info: +--------+-------+---------------------------------------+---------------+--------+-------------------+
[   12.761384] cloud-init[1024]: ci-info: ++++++++++++++++++++++++++++Route IPv4 info+++++++++++++++++++++++++++++
[   12.762086] cloud-init[1024]: ci-info: +-------+-------------+----------+-----------------+-----------+-------+
[   12.763228] cloud-init[1024]: ci-info: | Route | Destination | Gateway  |     Genmask     | Interface | Flags |
[   12.764168] cloud-init[1024]: ci-info: +-------+-------------+----------+-----------------+-----------+-------+
[   12.764890] cloud-init[1024]: ci-info: |   0   |   0.0.0.0   | 10.0.2.2 |     0.0.0.0     |   enp0s3  |   UG  |
[   12.765584] cloud-init[1024]: ci-info: |   1   |   10.0.2.0  | 0.0.0.0  |  255.255.255.0  |   enp0s3  |   U   |
[   12.766282] cloud-init[1024]: ci-info: |   2   |   10.0.2.2  | 0.0.0.0  | 255.255.255.255 |   enp0s3  |   UH  |
[   12.766980] cloud-init[1024]: ci-info: +-------+-------------+----------+-----------------+-----------+-------+
[   12.767693] cloud-init[1024]: ci-info: ++++++++++++++++++++++++Route IPv6 info++++++++++++++++++++++++
[   12.768368] cloud-init[1024]: ci-info: +-------+-----------------------+---------+-----------+-------+
[   12.769027] cloud-init[1024]: ci-info: | Route |      Destination      | Gateway | Interface | Flags |
[   12.769691] cloud-init[1024]: ci-info: +-------+-----------------------+---------+-----------+-------+
[   12.770322] cloud-init[1024]: ci-info: |   1   | fd17:625c:f037:2::/64 |    ::   |   enp0s3  |   U   |
[   12.770983] cloud-init[1024]: ci-info: |   2   |       fe80::/64       |    ::   |   enp0s3  |   U   |
[   12.771653] cloud-init[1024]: ci-info: |   3   |          ::/0         | fe80::2 |   enp0s3  |   UG  |
[   12.772345] cloud-init[1024]: ci-info: |   5   |         local         |    ::   |   enp0s3  |   U   |
[   12.773002] cloud-init[1024]: ci-info: |   6   |        ff00::/8       |    ::   |   enp0s3  |   U   |
[   12.773654] cloud-init[1024]: ci-info: +-------+-----------------------+---------+-----------+-------+
[   13.623975] cloud-init[1024]: Generating public/private rsa key pair.
[   13.624559] cloud-init[1024]: Your identification has been saved in /etc/ssh/ssh_host_rsa_key.
[   13.625433] cloud-init[1024]: Your public key has been saved in /etc/ssh/ssh_host_rsa_key.pub.
[   13.626236] cloud-init[1024]: The key fingerprint is:
[   13.626682] cloud-init[1024]: SHA256:943mzb5jBkcAQT/C5NQxpyFsxRgYABNVhWVSVKxjK38 root@ubuntu-bionic
[   13.627339] cloud-init[1024]: The key's randomart image is:
[   13.627820] cloud-init[1024]: +---[RSA 2048]----+
[   13.628239] cloud-init[1024]: |    ++oo+@#@*..  |
[   13.628682] cloud-init[1024]: |     .  oB+o==   |
[   13.629132] cloud-init[1024]: |         .+.+.   |
[   13.629604] cloud-init[1024]: |          +. ..  |
[   13.630033] cloud-init[1024]: |        S..o .   |
[   13.632516] cloud-init[1024]: |        .....o.  |
[   13.636798] cloud-init[1024]: |         o  +o.  |
[   13.641028] cloud-init[1024]: |          .oEo+  |
[   13.644758] cloud-init[1024]: |           ..+=o |
[   13.649279] cloud-init[1024]: +----[SHA256]-----+
[   13.654628] cloud-init[1024]: Generating public/private dsa key pair.
[   13.658485] cloud-init[1024]: Your identification has been saved in /etc/ssh/ssh_host_dsa_key.
[   13.664035] cloud-init[1024]: Your public key has been saved in /etc/ssh/ssh_host_dsa_key.pub.
[   13.681201] cloud-init[1024]: The key fingerprint is:
[   13.692267] cloud-init[1024]: SHA256:7fDcQHLT5B/aXCs5dHwLTN/InYQ9iCwT+sPRY4mlNDM root@ubuntu-bionic
[   13.692732] cloud-init[1024]: The key's randomart image is:
[   13.693064] cloud-init[1024]: +---[DSA 1024]----+
[[0;32m  OK  [0m] Started Initial cloud-init job (metadata service crawler).
[   13.704595] cloud-init[[0;32m  OK  [0m] Reached target Network is Online.
[1024]: |         Eo.o.+. |
[   13.705246] cloud-init[1024]:          Starting Availability of block devices...
[[0;32m  OK  [0m] Reached target Remote File Systems (Pre).
[[0;32m  OK  [0m] Reached target Remote File Systems.
|        ooO*+++=o|
[[0;32m  OK  [0m] Reached target Cloud-config availability.
[[0;32m  OK  [0m] Reached target System Initialization.
[[0;32m  OK  [0m] Started Discard unused blocks once a week.
[[0;32m  OK  [0m] Listening on D-Bus System Message Bus Socket.
[[0;32m  OK  [0m] Started Message of the Day.
         Starting LXD - unix socket.
[[0;32m  OK  [0m] Started Ubuntu Advantage Timer for running repeated jobs.
[[0;32m  OK  [0m] Listening on cloud-init hotplug hook socket.
[[0;32m  OK  [0m] Listening on Open-iSCSI iscsid Socket.
         Starting Socket activation for snappy daemon.
[[0;32m  OK  [0m] Listening on UUID daemon activation socket.
[[0;32m  OK  [0m] Listening on ACPID Listen Socket.
[[0;32m  OK  [0m] Started ACPI Events Check.
[[0;32m  OK  [0m] Reached target Paths.
[[0;32m  OK  [0m] Started Daily Cleanup of Temporary Directories.
[[0;32m  OK  [0m] Started Daily apt download activities.
[[0;32m  OK  [0m] Started Daily apt upgrade and clean activities.
[[0;32m  OK  [0m] Reached target Timers.
[[0;32m  OK  [0m] Listening on LXD - unix socket.
[[0;32m  OK  [0m] Listening on Socket activation for snappy daemon.
[[0;32m  OK  [0m] Reached target Sockets.
[[0;32m  OK  [0m] Reached target Basic System.
         Starting Virtualbox guest utils...
         Starting LSB: automatic crash report generation...
         Starting Accounts Service...
[   13.717311] cloud-init[1024]: |       ..+*=o++=*|
[   13.717709] cloud-init[1024]: |        o=o.o=+o+|
[   13.718090] [[0;32m  OK  [0m] Started FUSE filesystem for LXC.
[[0;32m  OK  [0m] Started Deferred execution scheduler.
cloud-init[1024]: |        S+o .++o |
[   13.719415] [[0;32m  OK  [0m] Started irqbalance daemon.
         Starting Snap Daemon...
cloud-init[1024]: |         =.o  o  |
         Starting LSB: Record successful boot for GRUB...
[[0;32m  OK  [0m] Reached target Login Prompts (Pre).
[   13.723783] cloud-init         Starting Dispatcher daemon for systemd-networkd...
[1024]: [[0;32m  OK  [0m] Started D-Bus System Message Bus.
|          + .    |
[   13.725341] cloud-init[1024]: |                 |
[   13.725737] cloud-init[1024]: |                 |
[   13.726107] cloud-init[1024]: +----[SHA256]-----+
[   13.726572] cloud-init[1024]: Generating public/private ecdsa key pair.
[   13.727063] cloud-init[1024]: Your identification has been saved in /etc/ssh/ssh_host_ecdsa_key.
[   13.727654] cloud-init[1024]: Your public key has been saved in /etc/ssh/ssh_host_ecdsa_key.pub.
[   13.728272] cloud-init[1024]: The key fingerprint is:
[   13.728676] cloud-init[1024]: SHA256:6lCYnxM9z+GVjpRabMkcLspkMcvITn3VdeCztD3UUbo root@ubuntu-bionic
[   13.729272] cloud-init[1024]: The key's randomart image is:
[   13.729667] cloud-init[1024]: +---[ECDSA 256]---+
[   13.730032] cloud-init[1024]: |              oo+|
[   13.730411] cloud-init[1024]: |           . o oo|
[   13.730806] cloud-init[1024]: |      o   o . =..|
[   13.732204] cloud-init[1024]: |   . * = * + o.* |
[   13.733010] cloud-init[1024]: |    * O S % o E..|
[   13.734491] cloud-init[1024]: |   o * * @ =    .|
[   13.734882] cloud-init[1024]: |    o B . = .    |
[   13.735297] cloud-init[1024]: |     o .         |
[   13.736153] cloud-init[1024]: |      .          |
[   13.736580] cloud-init[1024]: +----[SHA256]-----+
[   13.736998] cloud-init[1024]: Generating public/private ed25519 key pair.
[   13.738266] cloud-init[1024]: Your identification has been saved in /etc/ssh/ssh_host_ed25519_key.
[   13.738930] cloud-init[1024]: Your public key has been saved in /etc/ssh/ssh_host_ed25519_key.pub.
[   13.739591] cloud-init[1024]: The key fingerprint is:
[   13.740029] cloud-init[1024]: SHA256:BMs0EQA+8Q3J3w/Pjt0tL5ZaEMG38z5nMgIfXyR+zAE root@ubuntu-bionic
[   13.741411] cloud-init[1024]: The key's randomart image is:
[   13.741946] cloud-init[1024]: +--[ED25519 256]--+
[   13.742363] cloud-init[1024]: |  oooo*o ..      |
[   13.742757] cloud-init[1024]: | . oo= +  ...E   |
[   13.743713] cloud-init[1024]: |  o ..+.. .. ..  |
[   13.744193] cloud-init[1024]: |   .  ..o  .o ...|
[   13.744600] cloud-init[1024]: |        S=.  + =.|
[   13.745035] cloud-init[1024]: |          =.. o =|
[   13.745655] cloud-init[1024]: |         + +.* o |
[   13.746872] cloud-init[1024]: |        . o.O B o|
[   13.747544] cloud-init[1024]: |          .o =.* |
[   13.747957] cloud-init[1024]: +----[SHA256]-----+
         Starting Permit User Sessions...
         Starting Login Service...
[[0;32m  OK  [0m] Started Regular background program processing daemon.
         Starting Pollinate to seed the pseudo random number generator...
         Starting System Logging Service...
         Starting LXD - container startup/shutdown...
[[0;32m  OK  [0m] Started Availability of block devices.
[[0;32m  OK  [0m] Started Permit User Sessions.
         Starting Authorization Manager...
         Starting Hostname Service...
         Starting Hold until boot process finishes up...
         Starting Terminate Plymouth Boot Screen...
[[0;32m  OK  [0m] Started Hold until boot process finishes up.
[[0;32m  OK  [0m] Started Serial Getty on ttyS0.
         Starting Set console scheme...
[[0;32m  OK  [0m] Started Terminate Plymouth Boot Screen.
[[0;32m  OK  [0m] Started Login Service.
[[0;32m  OK  [0m] Started Unattended Upgrades Shutdown.
[[0;32m  OK  [0m] Started System Logging Service.
[[0;32m  OK  [0m] Started Authorization Manager.
[[0;32m  OK  [0m] Started Accounts Service.
[[0;32m  OK  [0m] Started LSB: automatic crash report generation.
[[0;32m  OK  [0m] Started Set console scheme.
[[0;32m  OK  [0m] Created slice system-getty.slice.
[[0;32m  OK  [0m] Started Getty on tty1.
[[0;32m  OK  [0m] Reached target Login Prompts.
[[0;32m  OK  [0m] Started Hostname Service.
[[0;32m  OK  [0m] Started LSB: Record successful boot for GRUB.
[[0;32m  OK  [0m] Started Virtualbox guest utils.
[[0;32m  OK  [0m] Started LXD - container startup/shutdown.
[[0;32m  OK  [0m] Started Dispatcher daemon for systemd-networkd.
[[0;32m  OK  [0m] Started Snap Daemon.
         Starting Wait until snapd is fully seeded...
[[0;32m  OK  [0m] Started Pollinate to seed the pseudo random number generator.
         Starting OpenBSD Secure Shell server...
[[0;32m  OK  [0m] Started OpenBSD Secure Shell server.
[[0;32m  OK  [0m] Created slice User Slice of vagrant.
         Starting User Manager for UID 1000...
[[0;32m  OK  [0m] Started Session 1 of user vagrant.
[[0;32m  OK  [0m] Started User Manager for UID 1000.
         Starting Time & Date Service...
[[0;32m  OK  [0m] Started Time & Date Service.
[[0;32m  OK  [0m] Started Wait until snapd is fully seeded.
         Starting Apply the settings specified in cloud-config...
[   16.216324] cloud-init[1629]: Cloud-init v. 23.1.2-0ubuntu0~18.04.1 running 'modules:config' at Wed, 07 May 2025 18:16:50 +0000. Up 15.54 seconds.
[[0;32m  OK  [0m] Started Apply the settings specified in cloud-config.
[[0;32m  OK  [0m] Reached target Multi-User System.
[[0;32m  OK  [0m] Reached target Graphical Interface.
         Starting Update UTMP about System Runlevel Changes...
         Starting Execute cloud user/final scripts...
[[0;32m  OK  [0m] Started Update UTMP about System Runlevel Changes.
ci-info: no authorized SSH keys fingerprints found for user ubuntu.
<14>May  7 18:16:51 cloud-init: #############################################################
<14>May  7 18:16:51 cloud-init: -----BEGIN SSH HOST KEY FINGERPRINTS-----
<14>May  7 18:16:51 cloud-init: 1024 SHA256:7fDcQHLT5B/aXCs5dHwLTN/InYQ9iCwT+sPRY4mlNDM root@ubuntu-bionic (DSA)
<14>May  7 18:16:51 cloud-init: 256 SHA256:6lCYnxM9z+GVjpRabMkcLspkMcvITn3VdeCztD3UUbo root@ubuntu-bionic (ECDSA)
<14>May  7 18:16:51 cloud-init: 256 SHA256:BMs0EQA+8Q3J3w/Pjt0tL5ZaEMG38z5nMgIfXyR+zAE root@ubuntu-bionic (ED25519)
<14>May  7 18:16:51 cloud-init: 2048 SHA256:943mzb5jBkcAQT/C5NQxpyFsxRgYABNVhWVSVKxjK38 root@ubuntu-bionic (RSA)
<14>May  7 18:16:51 cloud-init: -----END SSH HOST KEY FINGERPRINTS-----
<14>May  7 18:16:51 cloud-init: #############################################################
-----BEGIN SSH HOST KEY KEYS-----
ecdsa-sha2-nistp256 AAAAE2VjZHNhLXNoYTItbmlzdHAyNTYAAAAIbmlzdHAyNTYAAABBBGGDdNSFQxcEqVE/Yu/IV8sNfedovf31uaMCvDHIWy2SUhp1FzsuooCTWhWNVaHgCE8b4zlN9HlZ5r4YU8MP6WU= root@ubuntu-bionic
ssh-ed25519 AAAAC3NzaC1lZDI1NTE5AAAAIJfoYKXEQVrQ92WXL6e/ZnXetIScAzLDjJy0QzAEzYli root@ubuntu-bionic
ssh-rsa AAAAB3NzaC1yc2EAAAADAQABAAABAQDOUyQyZXZtdaq7cH0FkMlyx1GOKsnXtDQ698Lm5K9eXrhh+8CJbT9hkSa4yt6biMbP3vh0buRCRSldg0XzCOAVepIVaiPFe6WlhZVUGvw0waj+/FiLuG9Fjyt0JV7HEjn5/oGlSN7R82JdNR/8cAR6k/Ix2zBrASLY5oDOIs5wYkHp07JgdkOVZ1u7ryCJIR5C9BLNuHFF3DIEQ6ghiEZbsfBJAeP4Gqxd6ZXqEOMkGGtLT/Yg07NQ4QbQxuKLIKj/rzMpSi3vwEsPn4oz6RbxVXxbBJFsYsBbheg7xYm90LL/OC1LNrGzijJPtgHGC2sEYYDy9XrqSn2HU6pJogG5 root@ubuntu-bionic
-----END SSH HOST KEY KEYS-----
[   16.595617] cloud-init[1748]: Cloud-init v. 23.1.2-0ubuntu0~18.04.1 running 'modules:final' at Wed, 07 May 2025 18:16:51 +0000. Up 16.48 seconds.
[   16.596490] cloud-init[1748]: Cloud-init v. 23.1.2-0ubuntu0~18.04.1 finished at Wed, 07 May 2025 18:16:51 +0000. Datasource DataSourceNoCloud [seed=/dev/sdb][dsmode=net].  Up 16.59 seconds
[[0;32m  OK  [0m] Started Execute cloud user/final scripts.
[[0;32m  OK  [0m] Reached target Cloud-init target.

Ubuntu 18.04.6 LTS ubuntu-bionic ttyS0

ubuntu-bionic login: 